0 info it worked if it ends with ok
1 verbose cli [ '/usr/bin/node', '/usr/bin/npm', 'run', 'protractor' ]
2 info using npm@1.4.28
3 info using node@v0.10.32
4 verbose node symlink /usr/bin/node
5 verbose run-script [ 'preprotractor', 'protractor', 'postprotractor' ]
6 info preprotractor angular-seed@0.0.0
7 verbose unsafe-perm in lifecycle true
8 info protractor angular-seed@0.0.0
9 verbose unsafe-perm in lifecycle true
10 info angular-seed@0.0.0 Failed to exec protractor script
11 error angular-seed@0.0.0 protractor: `protractor e2e-tests/protractor.conf.js`
11 error Exit status 1
12 error Failed at the angular-seed@0.0.0 protractor script.
12 error This is most likely a problem with the angular-seed package,
12 error not with npm itself.
12 error Tell the author that this fails on your system:
12 error     protractor e2e-tests/protractor.conf.js
12 error You can get their info via:
12 error     npm owner ls angular-seed
12 error There is likely additional logging output above.
13 error System Linux 3.13.0-37-generic
14 error command "/usr/bin/node" "/usr/bin/npm" "run" "protractor"
15 error cwd /home/dirceu/dojo/open-dojo-angularjs
16 error node -v v0.10.32
17 error npm -v 1.4.28
18 error code ELIFECYCLE
19 verbose exit [ 1, true ]
